2022-03-03 11:33:58.632  INFO 12120 --- [restartedMain] c.b.yoya.YoyaBcabBackendApplication      : Starting YoyaBcabBackendApplication using Java 15.0.2 on DESKTOP-RM67LT1 with PID 12120 (C:\Drive to use\ubiqc\yoya-cab-backend\target\classes started by rossi in C:\Drive to use\ubiqc\yoya-cab-backend)
2022-03-03 11:33:58.633  INFO 12120 --- [restartedMain] c.b.yoya.YoyaBcabBackendApplication      : No active profile set, falling back to default profiles: default
2022-03-03 11:33:58.966  INFO 12120 --- [restartedMain] .s.d.r.c.RepositoryConfigurationDelegate : Bootstrapping Spring Data JPA repositories in DEFAULT mode.
2022-03-03 11:33:59.055  INFO 12120 --- [restartedMain] .s.d.r.c.RepositoryConfigurationDelegate : Finished Spring Data repository scanning in 88 ms. Found 20 JPA repository interfaces.
2022-03-03 11:33:59.214  INFO 12120 --- [restartedMain] o.s.b.w.embedded.tomcat.TomcatWebServer  : Tomcat initialized with port(s): 8080 (http)
2022-03-03 11:33:59.216  INFO 12120 --- [restartedMain] o.apache.catalina.core.StandardService   : Starting service [Tomcat]
2022-03-03 11:33:59.216  INFO 12120 --- [restartedMain] org.apache.catalina.core.StandardEngine  : Starting Servlet engine: [Apache Tomcat/9.0.56]
2022-03-03 11:33:59.363  INFO 12120 --- [restartedMain] o.a.c.c.C.[Tomcat].[localhost].[/]       : Initializing Spring embedded WebApplicationContext
2022-03-03 11:33:59.363  INFO 12120 --- [restartedMain] w.s.c.ServletWebServerApplicationContext : Root WebApplicationContext: initialization completed in 728 ms
2022-03-03 11:33:59.442  INFO 12120 --- [restartedMain] o.hibernate.jpa.internal.util.LogHelper  : HHH000204: Processing PersistenceUnitInfo [name: default]
2022-03-03 11:33:59.451  INFO 12120 --- [restartedMain] com.zaxxer.hikari.HikariDataSource       : HikariPool-4 - Starting...
2022-03-03 11:33:59.990  INFO 12120 --- [restartedMain] com.zaxxer.hikari.HikariDataSource       : HikariPool-4 - Start completed.
2022-03-03 11:33:59.991  INFO 12120 --- [restartedMain] org.hibernate.dialect.Dialect            : HHH000400: Using dialect: org.hibernate.dialect.MySQL5Dialect
2022-03-03 11:34:02.207  INFO 12120 --- [restartedMain] o.h.e.t.j.p.i.JtaPlatformInitiator       : HHH000490: Using JtaPlatform implementation: [org.hibernate.engine.transaction.jta.platform.internal.NoJtaPlatform]
2022-03-03 11:34:02.208  INFO 12120 --- [restartedMain] j.LocalContainerEntityManagerFactoryBean : Initialized JPA EntityManagerFactory for persistence unit 'default'
2022-03-03 11:34:02.337  WARN 12120 --- [restartedMain] JpaBaseConfiguration$JpaWebConfiguration : spring.jpa.open-in-view is enabled by default. Therefore, database queries may be performed during view rendering. Explicitly configure spring.jpa.open-in-view to disable this warning
2022-03-03 11:34:04.478  INFO 12120 --- [restartedMain] o.s.s.web.DefaultSecurityFilterChain     : Will secure any request with [org.springframework.security.web.context.request.async.WebAsyncManagerIntegrationFilter@552210da, org.springframework.security.web.context.SecurityContextPersistenceFilter@72f2db8, org.springframework.security.web.header.HeaderWriterFilter@56a091e7, org.springframework.web.filter.CorsFilter@78a70f9c, org.springframework.security.web.authentication.logout.LogoutFilter@5717d934, com.booking.yoya.configuration.JwtRequestFilter@3c33d476, org.springframework.security.web.savedrequest.RequestCacheAwareFilter@6ba283d4, org.springframework.security.web.servletapi.SecurityContextHolderAwareRequestFilter@39df08ee, org.springframework.security.web.authentication.AnonymousAuthenticationFilter@19f6069c, org.springframework.security.web.session.SessionManagementFilter@16e0d099, org.springframework.security.web.access.ExceptionTranslationFilter@371b6f56, org.springframework.security.web.access.intercept.FilterSecurityInterceptor@12c22a32]
2022-03-03 11:34:04.575  INFO 12120 --- [restartedMain] o.s.b.d.a.OptionalLiveReloadServer       : LiveReload server is running on port 35729
2022-03-03 11:34:04.592  INFO 12120 --- [restartedMain] o.s.b.w.embedded.tomcat.TomcatWebServer  : Tomcat started on port(s): 8080 (http) with context path ''
2022-03-03 11:34:04.600  INFO 12120 --- [restartedMain] c.b.yoya.YoyaBcabBackendApplication      : Started YoyaBcabBackendApplication in 6.041 seconds (JVM running for 589.73)
2022-03-03 11:34:04.603  INFO 12120 --- [restartedMain] .ConditionEvaluationDeltaLoggingListener : Condition evaluation unchanged
2022-03-03 11:34:21.172  INFO 12120 --- [http-nio-8080-exec-2] o.a.c.c.C.[Tomcat].[localhost].[/]       : Initializing Spring DispatcherServlet 'dispatcherServlet'
2022-03-03 11:34:21.172  INFO 12120 --- [http-nio-8080-exec-2] o.s.web.servlet.DispatcherServlet        : Initializing Servlet 'dispatcherServlet'
2022-03-03 11:34:21.174  INFO 12120 --- [http-nio-8080-exec-2] o.s.web.servlet.DispatcherServlet        : Completed initialization in 2 ms
2022-03-03 11:34:21.464 ERROR 12120 --- [http-nio-8080-exec-2] c.b.yoya.controller.CityController       : city list in controller
2022-03-03 11:34:21.696 ERROR 12120 --- [http-nio-8080-exec-2] com.booking.yoya.service.CityService     : city list [City [id=1, countryId=1, stateId=1, cityName=America], City [id=2, countryId=4, stateId=0, cityName=Varanasi], City [id=3, countryId=1, stateId=1, cityName=Delhi]]
2022-03-03 11:34:23.197 ERROR 12120 --- [http-nio-8080-exec-2] com.booking.yoya.service.CityService     : city list [CityDto [id=1, countryId=1, stateId=1, cityName=America, stateName=TEst, countryName=AFGHANISTAN, isActive=1], CityDto [id=2, countryId=4, stateId=0, cityName=Varanasi, stateName=, countryName=BERMUDA, isActive=1], CityDto [id=3, countryId=1, stateId=1, cityName=Delhi, stateName=TEst, countryName=AFGHANISTAN, isActive=1]]
2022-03-03 11:36:01.995  INFO 12120 --- [Thread-15] j.LocalContainerEntityManagerFactoryBean : Closing JPA EntityManagerFactory for persistence unit 'default'
2022-03-03 11:36:01.996  INFO 12120 --- [Thread-15] com.zaxxer.hikari.HikariDataSource       : HikariPool-4 - Shutdown initiated...
2022-03-03 11:36:01.999  INFO 12120 --- [Thread-15] com.zaxxer.hikari.HikariDataSource       : HikariPool-4 - Shutdown completed.
